nohup: ignoring input
[I 2026-03-18 10:49:21.181 ServerApp] jupyter_lsp | extension was successfully linked.
[I 2026-03-18 10:49:21.185 ServerApp] jupyter_server_terminals | extension was successfully linked.
[I 2026-03-18 10:49:21.189 ServerApp] jupyterlab | extension was successfully linked.
[W 2026-03-18 10:49:21.209 JupyterNotebookApp] 'browser' has moved from NotebookApp to ServerApp. This config will be passed to ServerApp. Be sure to update your config before our next release.
[I 2026-03-18 10:49:21.212 ServerApp] notebook | extension was successfully linked.
[I 2026-03-18 10:49:24.204 ServerApp] notebook_shim | extension was successfully linked.
[I 2026-03-18 10:49:24.427 ServerApp] notebook_shim | extension was successfully loaded.
[I 2026-03-18 10:49:24.429 ServerApp] jupyter_lsp | extension was successfully loaded.
[I 2026-03-18 10:49:24.430 ServerApp] jupyter_server_terminals | extension was successfully loaded.
[I 2026-03-18 10:49:24.516 LabApp] JupyterLab extension loaded from /home/marcel/miniconda3/envs/ai9v1/lib/python3.12/site-packages/jupyterlab
[I 2026-03-18 10:49:24.516 LabApp] JupyterLab application directory is /home/marcel/miniconda3/envs/ai9v1/share/jupyter/lab
[I 2026-03-18 10:49:24.517 LabApp] Extension Manager is 'pypi'.
[I 2026-03-18 10:49:24.563 ServerApp] jupyterlab | extension was successfully loaded.
[I 2026-03-18 10:49:24.567 ServerApp] notebook | extension was successfully loaded.
[I 2026-03-18 10:49:24.567 ServerApp] Serving notebooks from local directory: /home/marcel/portfolios/data_science_portfolio
[I 2026-03-18 10:49:24.567 ServerApp] Jupyter Server 2.17.0 is running at:
[I 2026-03-18 10:49:24.567 ServerApp] http://localhost:8888/lab?token=b254d0dd89162dde8bb6d24787424b99c86e83613bc7e7ba
[I 2026-03-18 10:49:24.567 ServerApp]     http://127.0.0.1:8888/lab?token=b254d0dd89162dde8bb6d24787424b99c86e83613bc7e7ba
[I 2026-03-18 10:49:24.567 ServerApp] Use Control-C to stop this server and shut down all kernels (twice to skip confirmation).
[C 2026-03-18 10:49:25.405 ServerApp] 
    
    To access the server, open this file in a browser:
        file:///home/marcel/.local/share/jupyter/runtime/jpserver-3754-open.html
    Or copy and paste one of these URLs:
        http://localhost:8888/lab?token=b254d0dd89162dde8bb6d24787424b99c86e83613bc7e7ba
        http://127.0.0.1:8888/lab?token=b254d0dd89162dde8bb6d24787424b99c86e83613bc7e7ba
[I 2026-03-18 10:49:25.767 ServerApp] Skipped non-installed server(s): bash-language-server, dockerfile-language-server-nodejs, javascript-typescript-langserver, jedi-language-server, julia-language-server, pyright, python-language-server, python-lsp-server, r-languageserver, sql-language-server, texlab, typescript-language-server, unified-language-server, vscode-css-languageserver-bin, vscode-html-languageserver-bin, vscode-json-languageserver-bin, yaml-language-server
[W 2026-03-18 10:50:24.084 LabApp] Could not determine jupyterlab build status without nodejs
[W 2026-03-18 10:50:24.815 ServerApp] 404 GET /api/contents/README.md?content=0&hash=0&1773827424805 (b369d51650894356b0aaf9a2dc131be0@127.0.0.1) 1.55ms referer=http://localhost:8888/lab
[W 2026-03-18 10:50:24.816 ServerApp] 404 GET /api/contents/README.md?content=0&hash=0&1773827424805 (127.0.0.1): No such file or directory: README.md
[W 2026-03-18 10:50:24.817 ServerApp] 404 GET /api/contents/README.md?content=0&hash=0&1773827424806 (b369d51650894356b0aaf9a2dc131be0@127.0.0.1) 2.34ms referer=http://localhost:8888/lab
[W 2026-03-18 10:50:24.817 ServerApp] 404 GET /api/contents/README.md?content=0&hash=0&1773827424806 (127.0.0.1): No such file or directory: README.md
[I 2026-03-18 11:03:55.763 ServerApp] Saving file at /docs/hm/index.md
